2025-12-24 21:11:28,245 - INFO - Bot Initialized: Connected to Binance Testnet.
2025-12-24 21:11:40,574 - INFO - REQUEST: BUY MARKET | 0.01 BTCUSDT @ 86933.3
2025-12-24 21:11:40,765 - INFO - RESPONSE SUCCESS: OrderID 11130090280
2025-12-24 21:11:55,680 - INFO - REQUEST: BUY LIMIT | 0.01 BTCUSDT @ 86915.1
2025-12-24 21:11:55,896 - INFO - RESPONSE SUCCESS: OrderID 11130092952
2025-12-24 21:12:05,124 - INFO - REQUEST: SELL MARKET | 0.01 BTCUSDT @ 86907.7
2025-12-24 21:12:05,339 - INFO - RESPONSE SUCCESS: OrderID 11130096587
2025-12-24 21:12:12,799 - INFO - REQUEST: SELL LIMIT | 0.01 BTCUSDT @ 86920.6
2025-12-24 21:12:13,242 - INFO - RESPONSE SUCCESS: OrderID 11130098594
2025-12-24 21:12:30,740 - INFO - REQUEST: BUY MARKET | 0.01 BTCUSDT @ 86969.0
2025-12-24 21:12:30,932 - INFO - RESPONSE SUCCESS: OrderID 11130103988
2025-12-24 21:16:17,794 - INFO - REQUEST: BUY MARKET | 0.01 BTCUSDT @ 87075.3
2025-12-24 21:16:17,996 - INFO - RESPONSE SUCCESS: OrderID 11130163880
2025-12-24 21:16:34,692 - INFO - Bot Initialized: Connected to Binance Testnet.
2025-12-24 21:16:43,461 - INFO - REQUEST: BUY MARKET | 0.01 BTCUSDT @ 87082.9
2025-12-24 21:16:43,665 - INFO - RESPONSE SUCCESS: OrderID - 11130171011 | Side - BUY
2025-12-25 01:07:52,352 - INFO - Bot Initialized: Connected to Binance Testnet.
2025-12-25 01:08:13,057 - INFO - REQUEST: BUY MARKET | 0.01 BTCUSDT @ 87423.4
2025-12-25 01:08:13,071 - ERROR - VALIDATION ERROR:  order_type: Field required
2025-12-25 01:11:44,614 - INFO - REQUEST: BUY MARKET | 0.01 BTCUSDT @ 87488.0
2025-12-25 01:11:44,620 - ERROR - VALIDATION ERROR:  order_type: Field required
2025-12-25 01:11:54,529 - INFO - Bot Initialized: Connected to Binance Testnet.
2025-12-25 01:12:01,315 - INFO - REQUEST: BUY MARKET | 0.01 BTCUSDT @ 87488.0
2025-12-25 01:12:01,320 - INFO - INPUT VALIDATED! - Proceeding with the request
2025-12-25 01:12:01,596 - INFO - RESPONSE SUCCESS: OrderID 11133810483
2025-12-25 01:12:01,602 - INFO - OUTPUT VALIDATED: Order ID - 11133810483
2025-12-25 01:15:33,177 - INFO - REQUEST: SELL MARKET | 0.01 BTCUSDT @ 87458.0
2025-12-25 01:15:33,178 - INFO - INPUT VALIDATED! - Proceeding with the request
2025-12-25 01:15:33,461 - INFO - RESPONSE SUCCESS: OrderID 11133863412
2025-12-25 01:15:33,463 - INFO - OUTPUT VALIDATED: Order ID - 11133863412
2025-12-25 01:15:46,176 - INFO - REQUEST: SELL LIMIT | 0.01 BTCUSDT @ 87458.0
2025-12-25 01:15:46,177 - INFO - INPUT VALIDATED! - Proceeding with the request
2025-12-25 01:15:46,670 - ERROR - RESPONSE ERROR: 400 - Mandatory parameter 'timeinforce' was not sent, was empty/null, or malformed.
2025-12-25 01:32:13,810 - INFO - Bot Initialized: Connected to Binance Testnet.
2025-12-25 01:32:21,810 - INFO - REQUEST: SELL LIMIT | 0.01 BTCUSDT @ 87533.0
2025-12-25 01:32:21,811 - INFO - INPUT VALIDATED! - Proceeding with the request
2025-12-25 01:32:22,104 - INFO - RESPONSE SUCCESS: OrderID 11134131394
2025-12-25 01:32:22,104 - INFO - OUTPUT VALIDATED: Order ID - 11134131394
2025-12-25 01:32:39,832 - INFO - REQUEST: SELL MARKET | 0.01 BTCUSDT @ 87534.1
2025-12-25 01:32:39,832 - INFO - INPUT VALIDATED! - Proceeding with the request
2025-12-25 01:32:40,035 - INFO - RESPONSE SUCCESS: OrderID 11134136023
2025-12-25 01:32:40,036 - INFO - OUTPUT VALIDATED: Order ID - 11134136023
2025-12-25 01:33:03,392 - INFO - REQUEST: SELL LIMIT | 0.01 BTCUSDT @ 87534.1
2025-12-25 01:33:03,393 - INFO - INPUT VALIDATED! - Proceeding with the request
2025-12-25 01:33:03,681 - INFO - RESPONSE SUCCESS: OrderID 11134142642
2025-12-25 01:33:03,682 - INFO - OUTPUT VALIDATED: Order ID - 11134142642
2025-12-25 01:33:19,671 - INFO - REQUEST: SELL LIMIT | 0.01 BTCUSDT @ 87525.3
2025-12-25 01:33:19,673 - INFO - INPUT VALIDATED! - Proceeding with the request
2025-12-25 01:33:19,964 - INFO - RESPONSE SUCCESS: OrderID 11134146979
2025-12-25 01:33:19,964 - INFO - OUTPUT VALIDATED: Order ID - 11134146979
2025-12-25 01:33:47,622 - INFO - REQUEST: BUY LIMIT | 0.01 BTCUSDT @ 87534.1
2025-12-25 01:33:47,622 - INFO - INPUT VALIDATED! - Proceeding with the request
2025-12-25 01:33:47,841 - INFO - RESPONSE SUCCESS: OrderID 11134152322
2025-12-25 01:33:47,841 - INFO - OUTPUT VALIDATED: Order ID - 11134152322
2025-12-25 01:33:57,863 - INFO - REQUEST: BUY LIMIT | 0.01 BTCUSDT @ 87534.1
2025-12-25 01:33:57,863 - INFO - INPUT VALIDATED! - Proceeding with the request
2025-12-25 01:33:58,156 - INFO - RESPONSE SUCCESS: OrderID 11134155748
2025-12-25 01:33:58,156 - INFO - OUTPUT VALIDATED: Order ID - 11134155748
2025-12-25 01:43:46,240 - INFO - Bot Initialized: Connected to Binance Testnet.
2025-12-25 01:43:54,042 - INFO - REQUEST: BUY LIMIT | 0.01 BTCUSDT @ 87561.1
2025-12-25 01:43:54,044 - INFO - INPUT VALIDATED! - Proceeding with the request
2025-12-25 01:43:54,637 - INFO - RESPONSE SUCCESS: OrderID 11134312527
2025-12-25 01:43:54,637 - INFO - OUTPUT VALIDATED: Order ID - 11134312527
2025-12-25 01:44:24,027 - INFO - Bot Initialized: Connected to Binance Testnet.
2025-12-25 01:44:44,113 - INFO - REQUEST: BUY MARKET | 0.01 BTCUSDT @ 87576.3
2025-12-25 01:44:44,114 - INFO - INPUT VALIDATED! - Proceeding with the request
2025-12-25 01:44:44,404 - INFO - RESPONSE SUCCESS: OrderID 11134324302
2025-12-25 01:44:44,404 - INFO - OUTPUT VALIDATED: Order ID - 11134324302
2025-12-25 01:44:56,786 - INFO - REQUEST: BUY MARKET | 0.05 BTCUSDT @ 87576.3
2025-12-25 01:44:56,787 - INFO - INPUT VALIDATED! - Proceeding with the request
2025-12-25 01:44:57,001 - INFO - RESPONSE SUCCESS: OrderID 11134327147
2025-12-25 01:44:57,002 - INFO - OUTPUT VALIDATED: Order ID - 11134327147
2025-12-25 01:45:03,566 - INFO - REQUEST: SELL MARKET | 0.05 BTCUSDT @ 87576.3
2025-12-25 01:45:03,568 - INFO - INPUT VALIDATED! - Proceeding with the request
2025-12-25 01:45:03,752 - INFO - RESPONSE SUCCESS: OrderID 11134329423
2025-12-25 01:45:03,753 - INFO - OUTPUT VALIDATED: Order ID - 11134329423
2025-12-25 01:45:12,268 - INFO - REQUEST: SELL MARKET | 0.05 BTCUSDT @ 87576.3
2025-12-25 01:45:12,268 - INFO - INPUT VALIDATED! - Proceeding with the request
2025-12-25 01:45:12,567 - INFO - RESPONSE SUCCESS: OrderID 11134330530
2025-12-25 01:45:12,567 - INFO - OUTPUT VALIDATED: Order ID - 11134330530
2025-12-25 01:45:25,895 - INFO - REQUEST: BUY LIMIT | 0.05 BTCUSDT @ 87576.3
2025-12-25 01:45:25,896 - INFO - INPUT VALIDATED! - Proceeding with the request
2025-12-25 01:45:26,185 - INFO - RESPONSE SUCCESS: OrderID 11134334667
2025-12-25 01:45:26,185 - INFO - OUTPUT VALIDATED: Order ID - 11134334667
2025-12-25 01:45:38,200 - INFO - REQUEST: BUY LIMIT | 0.05 BTCUSDT @ 87576.3
2025-12-25 01:45:38,201 - INFO - INPUT VALIDATED! - Proceeding with the request
2025-12-25 01:45:38,402 - INFO - RESPONSE SUCCESS: OrderID 11134337768
2025-12-25 01:45:38,403 - INFO - OUTPUT VALIDATED: Order ID - 11134337768
2025-12-25 01:45:54,157 - INFO - REQUEST: SELL LIMIT | 0.05 BTCUSDT @ 87576.2
2025-12-25 01:45:54,159 - INFO - INPUT VALIDATED! - Proceeding with the request
2025-12-25 01:45:54,445 - INFO - RESPONSE SUCCESS: OrderID 11134340836
2025-12-25 01:45:54,445 - INFO - OUTPUT VALIDATED: Order ID - 11134340836
2025-12-25 01:46:02,347 - INFO - REQUEST: SELL LIMIT | 0.05 BTCUSDT @ 87576.3
2025-12-25 01:46:02,350 - INFO - INPUT VALIDATED! - Proceeding with the request
2025-12-25 01:46:02,639 - INFO - RESPONSE SUCCESS: OrderID 11134343604
2025-12-25 01:46:02,640 - INFO - OUTPUT VALIDATED: Order ID - 11134343604
